c:\users\sende\onedrive\desktop\a1\framework\build\debug\vc141.pdb
c:\users\sende\onedrive\desktop\a1\framework\build\debug\vc141.idb
c:\users\sende\onedrive\desktop\a1\framework\build\debug\world.obj
c:\users\sende\onedrive\desktop\a1\framework\build\debug\animation.obj
c:\users\sende\onedrive\desktop\a1\framework\build\debug\model.obj
c:\users\sende\onedrive\desktop\a1\framework\build\debug\main.obj
c:\users\sende\onedrive\desktop\a1\framework\build\debug\staticcamera.obj
c:\users\sende\onedrive\desktop\a1\framework\build\debug\spheremodel.obj
c:\users\sende\onedrive\desktop\a1\framework\build\debug\renderer.obj
c:\users\sende\onedrive\desktop\a1\framework\build\debug\firstpersoncamera.obj
c:\users\sende\onedrive\desktop\a1\framework\build\debug\eventmanager.obj
c:\users\sende\onedrive\desktop\a1\framework\build\debug\cubemodel.obj
c:\users\sende\onedrive\desktop\a1\framework\build\debug\camera.obj
c:\users\sende\onedrive\desktop\a1\framework\build\debug\textureloader.obj
c:\users\sende\onedrive\desktop\a1\framework\build\debug\particlesystem.obj
c:\users\sende\onedrive\desktop\a1\framework\build\debug\particleemitter.obj
c:\users\sende\onedrive\desktop\a1\framework\build\debug\particledescriptor.obj
c:\users\sende\onedrive\desktop\a1\framework\build\debug\billboard.obj
c:\users\sende\onedrive\desktop\a1\framework\build\debug\sphere.obj
c:\users\sende\onedrive\desktop\a1\framework\build\debug\shader.obj
c:\users\sende\onedrive\desktop\a1\framework\build\debug\lightsource.obj
c:\users\sende\onedrive\desktop\a1\framework\bin\assignment1-debug.exe
c:\users\sende\onedrive\desktop\a1\framework\bin\assignment1-debug.ilk
c:\users\sende\onedrive\desktop\a1\framework\bin\assignment1-debug.pdb
c:\users\sende\onedrive\desktop\a1\framework\build\debug\model.obj.enc
c:\users\sende\onedrive\desktop\a1\framework\vs2017\/../bin/assignment1-debug.pdb
c:\users\sende\onedrive\desktop\a1\framework\vs2017\/../bin/assignment1-debug.exe
c:\users\sende\onedrive\desktop\a1\framework\vs2017\/../bin/assignment1-debug.ilk
c:\users\sende\onedrive\desktop\a1\framework\build\debug\assignment1.tlog\cl.command.1.tlog
c:\users\sende\onedrive\desktop\a1\framework\build\debug\assignment1.tlog\cl.read.1.tlog
c:\users\sende\onedrive\desktop\a1\framework\build\debug\assignment1.tlog\cl.write.1.tlog
c:\users\sende\onedrive\desktop\a1\framework\build\debug\assignment1.tlog\link.command.1.tlog
c:\users\sende\onedrive\desktop\a1\framework\build\debug\assignment1.tlog\link.read.1.tlog
c:\users\sende\onedrive\desktop\a1\framework\build\debug\assignment1.tlog\link.write.1.tlog
